0 info it worked if it ends with ok
1 verbose cli [ '/usr/local/bin/iojs', '/usr/local/bin/npm', 'publish' ]
2 info using npm@2.13.3
3 info using node@v3.0.0
4 verbose publish [ '.' ]
5 silly cache add args [ '.', null ]
6 verbose cache add spec .
7 silly cache add parsed spec { raw: '.',
7 silly cache add   scope: null,
7 silly cache add   name: null,
7 silly cache add   rawSpec: '.',
7 silly cache add   spec: '/Users/brett/code/fixproto',
7 silly cache add   type: 'directory' }
8 verbose addLocalDirectory /Users/brett/.npm/fixter/0.0.1/package.tgz not in flight; packing
9 verbose tar pack [ '/Users/brett/.npm/fixter/0.0.1/package.tgz',
9 verbose tar pack   '/Users/brett/code/fixproto' ]
10 verbose tarball /Users/brett/.npm/fixter/0.0.1/package.tgz
11 verbose folder /Users/brett/code/fixproto
12 info prepublish fixter@0.0.1
13 verbose addLocalTarball adding from inside cache /Users/brett/.npm/fixter/0.0.1/package.tgz
14 silly cache afterAdd fixter@0.0.1
15 verbose afterAdd /Users/brett/.npm/fixter/0.0.1/package/package.json not in flight; writing
16 verbose afterAdd /Users/brett/.npm/fixter/0.0.1/package/package.json written
17 silly publish { name: 'fixter',
17 silly publish   version: '0.0.1',
17 silly publish   description: 'An iojs implementation of the FIX protocol.',
17 silly publish   main: 'src/index.js',
17 silly publish   scripts: { test: 'mocha --compilers js:babel/register' },
17 silly publish   keywords: [ 'FIX' ],
17 silly publish   author: { name: 'Brett Jackson' },
17 silly publish   license: 'BSD',
17 silly publish   dependencies: { lodash: '^3.10.0' },
17 silly publish   devDependencies:
17 silly publish    { babel: '^5.8.20',
17 silly publish      chai: '^3.2.0',
17 silly publish      gulp: '^3.9.0',
17 silly publish      'gulp-mocha': '^2.1.3',
17 silly publish      harmonize: '^1.4.4',
17 silly publish      mocha: '^2.2.5' },
17 silly publish   gitHead: 'e3d83b997d0f4e9e4bea988e7dc9a9c2872aa107',
17 silly publish   readme: 'ERROR: No README data found!',
17 silly publish   _id: 'fixter@0.0.1',
17 silly publish   _shasum: 'bc21325bc73e4f660621e6c1382d19b5dddedfd8',
17 silly publish   _from: '.' }
18 verbose getPublishConfig undefined
19 silly mapToRegistry name fixter
20 silly mapToRegistry using default registry
21 silly mapToRegistry registry https://registry.npmjs.org/
22 silly mapToRegistry uri https://registry.npmjs.org/fixter
23 verbose publish registryBase https://registry.npmjs.org/
24 silly publish uploading /Users/brett/.npm/fixter/0.0.1/package.tgz
25 verbose request uri https://registry.npmjs.org/fixter
26 verbose request sending authorization for write operation
27 info attempt registry request try #1 at 01:35:41
28 verbose request id c85475f36b5744a0
29 http request PUT https://registry.npmjs.org/fixter
30 http 403 https://registry.npmjs.org/fixter
31 verbose headers { 'content-type': 'application/json',
31 verbose headers   'cache-control': 'max-age=60',
31 verbose headers   'content-length': '95',
31 verbose headers   'accept-ranges': 'bytes',
31 verbose headers   date: 'Sun, 09 Aug 2015 06:35:42 GMT',
31 verbose headers   via: '1.1 varnish',
31 verbose headers   connection: 'keep-alive',
31 verbose headers   'x-served-by': 'cache-dfw1832-DFW',
31 verbose headers   'x-cache': 'MISS',
31 verbose headers   'x-cache-hits': '0',
31 verbose headers   'x-timer': 'S1439102142.012164,VS0,VE279' }
32 verbose request invalidating /Users/brett/.npm/registry.npmjs.org/fixter on PUT
33 error publish Failed PUT 403
34 verbose stack Error: "You cannot publish over the previously published version 0.0.1." : fixter
34 verbose stack     at CachingRegistryClient.<anonymous> (/usr/local/lib/node_modules/npm/node_modules/npm-registry-client/lib/request.js:247:14)
34 verbose stack     at Request._callback (/usr/local/lib/node_modules/npm/node_modules/npm-registry-client/lib/request.js:170:14)
34 verbose stack     at Request.self.callback (/usr/local/lib/node_modules/npm/node_modules/request/request.js:198:22)
34 verbose stack     at emitTwo (events.js:87:13)
34 verbose stack     at Request.emit (events.js:172:7)
34 verbose stack     at Request.<anonymous> (/usr/local/lib/node_modules/npm/node_modules/request/request.js:1057:14)
34 verbose stack     at emitOne (events.js:82:20)
34 verbose stack     at Request.emit (events.js:169:7)
34 verbose stack     at IncomingMessage.<anonymous> (/usr/local/lib/node_modules/npm/node_modules/request/request.js:1003:12)
34 verbose stack     at emitNone (events.js:72:20)
35 verbose statusCode 403
36 verbose pkgid fixter
37 verbose cwd /Users/brett/code/fixproto
38 error Darwin 15.0.0
39 error argv "/usr/local/bin/iojs" "/usr/local/bin/npm" "publish"
40 error node v3.0.0
41 error npm  v2.13.3
42 error code E403
43 error "You cannot publish over the previously published version 0.0.1." : fixter
44 error If you need help, you may report this error at:
44 error     <https://github.com/npm/npm/issues>
45 verbose exit [ 1, true ]
